  memory.c
c1 : fatal error C1083: Cannot open source file: '..\..\..\install\scipoptsuite-3.2.0\scip-3.2.0\src\blockmemshell\memory.c': No such file or directory
  dijkstra.c
c1 : fatal error C1083: Cannot open source file: '..\..\..\install\scipoptsuite-3.2.0\scip-3.2.0\src\dijkstra\dijkstra.c': No such file or directory
  expr.c
c1 : fatal error C1083: Cannot open source file: '..\..\..\install\scipoptsuite-3.2.0\scip-3.2.0\src\nlpi\expr.c': No such file or directory
  nlpi_ipopt_dummy.c
c1 : fatal error C1083: Cannot open source file: '..\..\..\install\scipoptsuite-3.2.0\scip-3.2.0\src\nlpi\nlpi_ipopt_dummy.c': No such file or directory
  nlpi.c
c1 : fatal error C1083: Cannot open source file: '..\..\..\install\scipoptsuite-3.2.0\scip-3.2.0\src\nlpi\nlpi.c': No such file or directory
  nlpioracle.c
c1 : fatal error C1083: Cannot open source file: '..\..\..\install\scipoptsuite-3.2.0\scip-3.2.0\src\nlpi\nlpioracle.c': No such file or directory
  bitencode.c
c1 : fatal error C1083: Cannot open source file: '..\..\..\install\scipoptsuite-3.2.0\scip-3.2.0\src\scip\bitencode.c': No such file or directory
  branch_allfullstrong.c
c1 : fatal error C1083: Cannot open source file: '..\..\..\install\scipoptsuite-3.2.0\scip-3.2.0\src\scip\branch_allfullstrong.c': No such file or directory
  branch_cloud.c
c1 : fatal error C1083: Cannot open source file: '..\..\..\install\scipoptsuite-3.2.0\scip-3.2.0\src\scip\branch_cloud.c': No such file or directory
  branch_distribution.c
c1 : fatal error C1083: Cannot open source file: '..\..\..\install\scipoptsuite-3.2.0\scip-3.2.0\src\scip\branch_distribution.c': No such file or directory
  branch_fullstrong.c
c1 : fatal error C1083: Cannot open source file: '..\..\..\install\scipoptsuite-3.2.0\scip-3.2.0\src\scip\branch_fullstrong.c': No such file or directory
  branch_inference.c
c1 : fatal error C1083: Cannot open source file: '..\..\..\install\scipoptsuite-3.2.0\scip-3.2.0\src\scip\branch_inference.c': No such file or directory
  branch_leastinf.c
c1 : fatal error C1083: Cannot open source file: '..\..\..\install\scipoptsuite-3.2.0\scip-3.2.0\src\scip\branch_leastinf.c': No such file or directory
  branch_mostinf.c
c1 : fatal error C1083: Cannot open source file: '..\..\..\install\scipoptsuite-3.2.0\scip-3.2.0\src\scip\branch_mostinf.c': No such file or directory
  branch_multaggr.c
c1 : fatal error C1083: Cannot open source file: '..\..\..\install\scipoptsuite-3.2.0\scip-3.2.0\src\scip\branch_multaggr.c': No such file or directory
  branch_nodereopt.c
c1 : fatal error C1083: Cannot open source file: '..\..\..\install\scipoptsuite-3.2.0\scip-3.2.0\src\scip\branch_nodereopt.c': No such file or directory
  branch.c
c1 : fatal error C1083: Cannot open source file: '..\..\..\install\scipoptsuite-3.2.0\scip-3.2.0\src\scip\branch.c': No such file or directory
  branch_pscost.c
c1 : fatal error C1083: Cannot open source file: '..\..\..\install\scipoptsuite-3.2.0\scip-3.2.0\src\scip\branch_pscost.c': No such file or directory
  branch_random.c
c1 : fatal error C1083: Cannot open source file: '..\..\..\install\scipoptsuite-3.2.0\scip-3.2.0\src\scip\branch_random.c': No such file or directory
  branch_relpscost.c
c1 : fatal error C1083: Cannot open source file: '..\..\..\install\scipoptsuite-3.2.0\scip-3.2.0\src\scip\branch_relpscost.c': No such file or directory
  Generating Code...
  Compiling...
  clock.c
c1 : fatal error C1083: Cannot open source file: '..\..\..\install\scipoptsuite-3.2.0\scip-3.2.0\src\scip\clock.c': No such file or directory
  compr_largestrepr.c
c1 : fatal error C1083: Cannot open source file: '..\..\..\install\scipoptsuite-3.2.0\scip-3.2.0\src\scip\compr_largestrepr.c': No such file or directory
  compr.c
c1 : fatal error C1083: Cannot open source file: '..\..\..\install\scipoptsuite-3.2.0\scip-3.2.0\src\scip\compr.c': No such file or directory
  compr_weakcompr.c
c1 : fatal error C1083: Cannot open source file: '..\..\..\install\scipoptsuite-3.2.0\scip-3.2.0\src\scip\compr_weakcompr.c': No such file or directory
  conflict.c
c1 : fatal error C1083: Cannot open source file: '..\..\..\install\scipoptsuite-3.2.0\scip-3.2.0\src\scip\conflict.c': No such file or directory
  cons_abspower.c
c1 : fatal error C1083: Cannot open source file: '..\..\..\install\scipoptsuite-3.2.0\scip-3.2.0\src\scip\cons_abspower.c': No such file or directory
  cons_and.c
c1 : fatal error C1083: Cannot open source file: '..\..\..\install\scipoptsuite-3.2.0\scip-3.2.0\src\scip\cons_and.c': No such file or directory
  cons_bivariate.c
c1 : fatal error C1083: Cannot open source file: '..\..\..\install\scipoptsuite-3.2.0\scip-3.2.0\src\scip\cons_bivariate.c': No such file or directory
  cons_bounddisjunction.c
c1 : fatal error C1083: Cannot open source file: '..\..\..\install\scipoptsuite-3.2.0\scip-3.2.0\src\scip\cons_bounddisjunction.c': No such file or directory
  cons_conjunction.c
c1 : fatal error C1083: Cannot open source file: '..\..\..\install\scipoptsuite-3.2.0\scip-3.2.0\src\scip\cons_conjunction.c': No such file or directory
  cons_countsols.c
c1 : fatal error C1083: Cannot open source file: '..\..\..\install\scipoptsuite-3.2.0\scip-3.2.0\src\scip\cons_countsols.c': No such file or directory
  cons_cumulative.c
c1 : fatal error C1083: Cannot open source file: '..\..\..\install\scipoptsuite-3.2.0\scip-3.2.0\src\scip\cons_cumulative.c': No such file or directory
  cons_disjunction.c
c1 : fatal error C1083: Cannot open source file: '..\..\..\install\scipoptsuite-3.2.0\scip-3.2.0\src\scip\cons_disjunction.c': No such file or directory
  cons_indicator.c
c1 : fatal error C1083: Cannot open source file: '..\..\..\install\scipoptsuite-3.2.0\scip-3.2.0\src\scip\cons_indicator.c': No such file or directory
  cons_integral.c
c1 : fatal error C1083: Cannot open source file: '..\..\..\install\scipoptsuite-3.2.0\scip-3.2.0\src\scip\cons_integral.c': No such file or directory
  cons_knapsack.c
c1 : fatal error C1083: Cannot open source file: '..\..\..\install\scipoptsuite-3.2.0\scip-3.2.0\src\scip\cons_knapsack.c': No such file or directory
  cons_linear.c
c1 : fatal error C1083: Cannot open source file: '..\..\..\install\scipoptsuite-3.2.0\scip-3.2.0\src\scip\cons_linear.c': No such file or directory
  cons_linking.c
c1 : fatal error C1083: Cannot open source file: '..\..\..\install\scipoptsuite-3.2.0\scip-3.2.0\src\scip\cons_linking.c': No such file or directory
  cons_logicor.c
c1 : fatal error C1083: Cannot open source file: '..\..\..\install\scipoptsuite-3.2.0\scip-3.2.0\src\scip\cons_logicor.c': No such file or directory
  cons_nonlinear.c
c1 : fatal error C1083: Cannot open source file: '..\..\..\install\scipoptsuite-3.2.0\scip-3.2.0\src\scip\cons_nonlinear.c': No such file or directory
  Generating Code...
  Compiling...
  cons.c
c1 : fatal error C1083: Cannot open source file: '..\..\..\install\scipoptsuite-3.2.0\scip-3.2.0\src\scip\cons.c': No such file or directory
  cons_orbitope.c
c1 : fatal error C1083: Cannot open source file: '..\..\..\install\scipoptsuite-3.2.0\scip-3.2.0\src\scip\cons_orbitope.c': No such file or directory
  cons_or.c
c1 : fatal error C1083: Cannot open source file: '..\..\..\install\scipoptsuite-3.2.0\scip-3.2.0\src\scip\cons_or.c': No such file or directory
  cons_pseudoboolean.c
c1 : fatal error C1083: Cannot open source file: '..\..\..\install\scipoptsuite-3.2.0\scip-3.2.0\src\scip\cons_pseudoboolean.c': No such file or directory
  cons_quadratic.c
c1 : fatal error C1083: Cannot open source file: '..\..\..\install\scipoptsuite-3.2.0\scip-3.2.0\src\scip\cons_quadratic.c': No such file or directory
  cons_setppc.c
c1 : fatal error C1083: Cannot open source file: '..\..\..\install\scipoptsuite-3.2.0\scip-3.2.0\src\scip\cons_setppc.c': No such file or directory
  cons_soc.c
c1 : fatal error C1083: Cannot open source file: '..\..\..\install\scipoptsuite-3.2.0\scip-3.2.0\src\scip\cons_soc.c': No such file or directory
  cons_sos1.c
c1 : fatal error C1083: Cannot open source file: '..\..\..\install\scipoptsuite-3.2.0\scip-3.2.0\src\scip\cons_sos1.c': No such file or directory
  cons_sos2.c
c1 : fatal error C1083: Cannot open source file: '..\..\..\install\scipoptsuite-3.2.0\scip-3.2.0\src\scip\cons_sos2.c': No such file or directory
  cons_superindicator.c
c1 : fatal error C1083: Cannot open source file: '..\..\..\install\scipoptsuite-3.2.0\scip-3.2.0\src\scip\cons_superindicator.c': No such file or directory
  cons_varbound.c
c1 : fatal error C1083: Cannot open source file: '..\..\..\install\scipoptsuite-3.2.0\scip-3.2.0\src\scip\cons_varbound.c': No such file or directory
  cons_xor.c
c1 : fatal error C1083: Cannot open source file: '..\..\..\install\scipoptsuite-3.2.0\scip-3.2.0\src\scip\cons_xor.c': No such file or directory
  cutpool.c
c1 : fatal error C1083: Cannot open source file: '..\..\..\install\scipoptsuite-3.2.0\scip-3.2.0\src\scip\cutpool.c': No such file or directory
  debug.c
c1 : fatal error C1083: Cannot open source file: '..\..\..\install\scipoptsuite-3.2.0\scip-3.2.0\src\scip\debug.c': No such file or directory
  dialog_default.c
c1 : fatal error C1083: Cannot open source file: '..\..\..\install\scipoptsuite-3.2.0\scip-3.2.0\src\scip\dialog_default.c': No such file or directory
  dialog.c
c1 : fatal error C1083: Cannot open source file: '..\..\..\install\scipoptsuite-3.2.0\scip-3.2.0\src\scip\dialog.c': No such file or directory
  disp_default.c
c1 : fatal error C1083: Cannot open source file: '..\..\..\install\scipoptsuite-3.2.0\scip-3.2.0\src\scip\disp_default.c': No such file or directory
  disp.c
c1 : fatal error C1083: Cannot open source file: '..\..\..\install\scipoptsuite-3.2.0\scip-3.2.0\src\scip\disp.c': No such file or directory
  dive.c
c1 : fatal error C1083: Cannot open source file: '..\..\..\install\scipoptsuite-3.2.0\scip-3.2.0\src\scip\dive.c': No such file or directory
  event.c
c1 : fatal error C1083: Cannot open source file: '..\..\..\install\scipoptsuite-3.2.0\scip-3.2.0\src\scip\event.c': No such file or directory
  Generating Code...
  Compiling...
  event_softtimelimit.c
c1 : fatal error C1083: Cannot open source file: '..\..\..\install\scipoptsuite-3.2.0\scip-3.2.0\src\scip\event_softtimelimit.c': No such file or directory
  fileio.c
c1 : fatal error C1083: Cannot open source file: '..\..\..\install\scipoptsuite-3.2.0\scip-3.2.0\src\scip\fileio.c': No such file or directory
  heur_actconsdiving.c
c1 : fatal error C1083: Cannot open source file: '..\..\..\install\scipoptsuite-3.2.0\scip-3.2.0\src\scip\heur_actconsdiving.c': No such file or directory
  heur_bound.c
c1 : fatal error C1083: Cannot open source file: '..\..\..\install\scipoptsuite-3.2.0\scip-3.2.0\src\scip\heur_bound.c': No such file or directory
  heur_clique.c
c1 : fatal error C1083: Cannot open source file: '..\..\..\install\scipoptsuite-3.2.0\scip-3.2.0\src\scip\heur_clique.c': No such file or directory
  heur_coefdiving.c
c1 : fatal error C1083: Cannot open source file: '..\..\..\install\scipoptsuite-3.2.0\scip-3.2.0\src\scip\heur_coefdiving.c': No such file or directory
  heur_crossover.c
c1 : fatal error C1083: Cannot open source file: '..\..\..\install\scipoptsuite-3.2.0\scip-3.2.0\src\scip\heur_crossover.c': No such file or directory
  heur_dins.c
c1 : fatal error C1083: Cannot open source file: '..\..\..\install\scipoptsuite-3.2.0\scip-3.2.0\src\scip\heur_dins.c': No such file or directory
  heur_distributiondiving.c
c1 : fatal error C1083: Cannot open source file: '..\..\..\install\scipoptsuite-3.2.0\scip-3.2.0\src\scip\heur_distributiondiving.c': No such file or directory
  heur_dualval.c
c1 : fatal error C1083: Cannot open source file: '..\..\..\install\scipoptsuite-3.2.0\scip-3.2.0\src\scip\heur_dualval.c': No such file or directory
  heur_feaspump.c
c1 : fatal error C1083: Cannot open source file: '..\..\..\install\scipoptsuite-3.2.0\scip-3.2.0\src\scip\heur_feaspump.c': No such file or directory
  heur_fixandinfer.c
c1 : fatal error C1083: Cannot open source file: '..\..\..\install\scipoptsuite-3.2.0\scip-3.2.0\src\scip\heur_fixandinfer.c': No such file or directory
  heur_fracdiving.c
c1 : fatal error C1083: Cannot open source file: '..\..\..\install\scipoptsuite-3.2.0\scip-3.2.0\src\scip\heur_fracdiving.c': No such file or directory
  heur_guideddiving.c
c1 : fatal error C1083: Cannot open source file: '..\..\..\install\scipoptsuite-3.2.0\scip-3.2.0\src\scip\heur_guideddiving.c': No such file or directory
  heur_indicator.c
c1 : fatal error C1083: Cannot open source file: '..\..\..\install\scipoptsuite-3.2.0\scip-3.2.0\src\scip\heur_indicator.c': No such file or directory
  heur_intdiving.c
c1 : fatal error C1083: Cannot open source file: '..\..\..\install\scipoptsuite-3.2.0\scip-3.2.0\src\scip\heur_intdiving.c': No such file or directory
  heur_intshifting.c
c1 : fatal error C1083: Cannot open source file: '..\..\..\install\scipoptsuite-3.2.0\scip-3.2.0\src\scip\heur_intshifting.c': No such file or directory
  heur_linesearchdiving.c
c1 : fatal error C1083: Cannot open source file: '..\..\..\install\scipoptsuite-3.2.0\scip-3.2.0\src\scip\heur_linesearchdiving.c': No such file or directory
  heur_localbranching.c
c1 : fatal error C1083: Cannot open source file: '..\..\..\install\scipoptsuite-3.2.0\scip-3.2.0\src\scip\heur_localbranching.c': No such file or directory
  heur_mutation.c
c1 : fatal error C1083: Cannot open source file: '..\..\..\install\scipoptsuite-3.2.0\scip-3.2.0\src\scip\heur_mutation.c': No such file or directory
  Generating Code...
  Compiling...
  heur_nlpdiving.c
c1 : fatal error C1083: Cannot open source file: '..\..\..\install\scipoptsuite-3.2.0\scip-3.2.0\src\scip\heur_nlpdiving.c': No such file or directory
  heur.c
c1 : fatal error C1083: Cannot open source file: '..\..\..\install\scipoptsuite-3.2.0\scip-3.2.0\src\scip\heur.c': No such file or directory
  heur_objpscostdiving.c
c1 : fatal error C1083: Cannot open source file: '..\..\..\install\scipoptsuite-3.2.0\scip-3.2.0\src\scip\heur_objpscostdiving.c': No such file or directory
  heur_octane.c
c1 : fatal error C1083: Cannot open source file: '..\..\..\install\scipoptsuite-3.2.0\scip-3.2.0\src\scip\heur_octane.c': No such file or directory
  heur_ofins.c
c1 : fatal error C1083: Cannot open source file: '..\..\..\install\scipoptsuite-3.2.0\scip-3.2.0\src\scip\heur_ofins.c': No such file or directory
  heur_oneopt.c
c1 : fatal error C1083: Cannot open source file: '..\..\..\install\scipoptsuite-3.2.0\scip-3.2.0\src\scip\heur_oneopt.c': No such file or directory
  heur_proximity.c
c1 : fatal error C1083: Cannot open source file: '..\..\..\install\scipoptsuite-3.2.0\scip-3.2.0\src\scip\heur_proximity.c': No such file or directory
  heur_pscostdiving.c
c1 : fatal error C1083: Cannot open source file: '..\..\..\install\scipoptsuite-3.2.0\scip-3.2.0\src\scip\heur_pscostdiving.c': No such file or directory
  heur_randrounding.c
c1 : fatal error C1083: Cannot open source file: '..\..\..\install\scipoptsuite-3.2.0\scip-3.2.0\src\scip\heur_randrounding.c': No such file or directory
  heur_rens.c
c1 : fatal error C1083: Cannot open source file: '..\..\..\install\scipoptsuite-3.2.0\scip-3.2.0\src\scip\heur_rens.c': No such file or directory
  heur_reoptsols.c
c1 : fatal error C1083: Cannot open source file: '..\..\..\install\scipoptsuite-3.2.0\scip-3.2.0\src\scip\heur_reoptsols.c': No such file or directory
  heur_rins.c
c1 : fatal error C1083: Cannot open source file: '..\..\..\install\scipoptsuite-3.2.0\scip-3.2.0\src\scip\heur_rins.c': No such file or directory
  heur_rootsoldiving.c
c1 : fatal error C1083: Cannot open source file: '..\..\..\install\scipoptsuite-3.2.0\scip-3.2.0\src\scip\heur_rootsoldiving.c': No such file or directory
  heur_rounding.c
c1 : fatal error C1083: Cannot open source file: '..\..\..\install\scipoptsuite-3.2.0\scip-3.2.0\src\scip\heur_rounding.c': No such file or directory
  heur_shiftandpropagate.c
c1 : fatal error C1083: Cannot open source file: '..\..\..\install\scipoptsuite-3.2.0\scip-3.2.0\src\scip\heur_shiftandpropagate.c': No such file or directory
  heur_shifting.c
c1 : fatal error C1083: Cannot open source file: '..\..\..\install\scipoptsuite-3.2.0\scip-3.2.0\src\scip\heur_shifting.c': No such file or directory
  heur_simplerounding.c
c1 : fatal error C1083: Cannot open source file: '..\..\..\install\scipoptsuite-3.2.0\scip-3.2.0\src\scip\heur_simplerounding.c': No such file or directory
  heur_subnlp.c
c1 : fatal error C1083: Cannot open source file: '..\..\..\install\scipoptsuite-3.2.0\scip-3.2.0\src\scip\heur_subnlp.c': No such file or directory
  heur_trivialnegation.c
c1 : fatal error C1083: Cannot open source file: '..\..\..\install\scipoptsuite-3.2.0\scip-3.2.0\src\scip\heur_trivialnegation.c': No such file or directory
  heur_trivial.c
c1 : fatal error C1083: Cannot open source file: '..\..\..\install\scipoptsuite-3.2.0\scip-3.2.0\src\scip\heur_trivial.c': No such file or directory
  Generating Code...
  Compiling...
  heur_trysol.c
c1 : fatal error C1083: Cannot open source file: '..\..\..\install\scipoptsuite-3.2.0\scip-3.2.0\src\scip\heur_trysol.c': No such file or directory
  heur_twoopt.c
c1 : fatal error C1083: Cannot open source file: '..\..\..\install\scipoptsuite-3.2.0\scip-3.2.0\src\scip\heur_twoopt.c': No such file or directory
  heur_undercover.c
c1 : fatal error C1083: Cannot open source file: '..\..\..\install\scipoptsuite-3.2.0\scip-3.2.0\src\scip\heur_undercover.c': No such file or directory
  heur_vbounds.c
c1 : fatal error C1083: Cannot open source file: '..\..\..\install\scipoptsuite-3.2.0\scip-3.2.0\src\scip\heur_vbounds.c': No such file or directory
  heur_veclendiving.c
c1 : fatal error C1083: Cannot open source file: '..\..\..\install\scipoptsuite-3.2.0\scip-3.2.0\src\scip\heur_veclendiving.c': No such file or directory
  heur_zeroobj.c
c1 : fatal error C1083: Cannot open source file: '..\..\..\install\scipoptsuite-3.2.0\scip-3.2.0\src\scip\heur_zeroobj.c': No such file or directory
  heur_zirounding.c
c1 : fatal error C1083: Cannot open source file: '..\..\..\install\scipoptsuite-3.2.0\scip-3.2.0\src\scip\heur_zirounding.c': No such file or directory
  history.c
c1 : fatal error C1083: Cannot open source file: '..\..\..\install\scipoptsuite-3.2.0\scip-3.2.0\src\scip\history.c': No such file or directory
  implics.c
c1 : fatal error C1083: Cannot open source file: '..\..\..\install\scipoptsuite-3.2.0\scip-3.2.0\src\scip\implics.c': No such file or directory
  interrupt.c
c1 : fatal error C1083: Cannot open source file: '..\..\..\install\scipoptsuite-3.2.0\scip-3.2.0\src\scip\interrupt.c': No such file or directory
  intervalarith.c
c1 : fatal error C1083: Cannot open source file: '..\..\..\install\scipoptsuite-3.2.0\scip-3.2.0\src\scip\intervalarith.c': No such file or directory
  lp.c
c1 : fatal error C1083: Cannot open source file: '..\..\..\install\scipoptsuite-3.2.0\scip-3.2.0\src\scip\lp.c': No such file or directory
  matrix.c
c1 : fatal error C1083: Cannot open source file: '..\..\..\install\scipoptsuite-3.2.0\scip-3.2.0\src\scip\matrix.c': No such file or directory
  mem.c
c1 : fatal error C1083: Cannot open source file: '..\..\..\install\scipoptsuite-3.2.0\scip-3.2.0\src\scip\mem.c': No such file or directory
  message_default.c
c1 : fatal error C1083: Cannot open source file: '..\..\..\install\scipoptsuite-3.2.0\scip-3.2.0\src\scip\message_default.c': No such file or directory
  message.c
c1 : fatal error C1083: Cannot open source file: '..\..\..\install\scipoptsuite-3.2.0\scip-3.2.0\src\scip\message.c': No such file or directory
  misc.c
c1 : fatal error C1083: Cannot open source file: '..\..\..\install\scipoptsuite-3.2.0\scip-3.2.0\src\scip\misc.c': No such file or directory
  nlp.c
c1 : fatal error C1083: Cannot open source file: '..\..\..\install\scipoptsuite-3.2.0\scip-3.2.0\src\scip\nlp.c': No such file or directory
  nodesel_bfs.c
c1 : fatal error C1083: Cannot open source file: '..\..\..\install\scipoptsuite-3.2.0\scip-3.2.0\src\scip\nodesel_bfs.c': No such file or directory
  nodesel_breadthfirst.c
c1 : fatal error C1083: Cannot open source file: '..\..\..\install\scipoptsuite-3.2.0\scip-3.2.0\src\scip\nodesel_breadthfirst.c': No such file or directory
  Generating Code...
  Compiling...
  nodesel_dfs.c
c1 : fatal error C1083: Cannot open source file: '..\..\..\install\scipoptsuite-3.2.0\scip-3.2.0\src\scip\nodesel_dfs.c': No such file or directory
  nodesel_estimate.c
c1 : fatal error C1083: Cannot open source file: '..\..\..\install\scipoptsuite-3.2.0\scip-3.2.0\src\scip\nodesel_estimate.c': No such file or directory
  nodesel_hybridestim.c
c1 : fatal error C1083: Cannot open source file: '..\..\..\install\scipoptsuite-3.2.0\scip-3.2.0\src\scip\nodesel_hybridestim.c': No such file or directory
  nodesel.c
c1 : fatal error C1083: Cannot open source file: '..\..\..\install\scipoptsuite-3.2.0\scip-3.2.0\src\scip\nodesel.c': No such file or directory
  nodesel_restartdfs.c
c1 : fatal error C1083: Cannot open source file: '..\..\..\install\scipoptsuite-3.2.0\scip-3.2.0\src\scip\nodesel_restartdfs.c': No such file or directory
  nodesel_uct.c
c1 : fatal error C1083: Cannot open source file: '..\..\..\install\scipoptsuite-3.2.0\scip-3.2.0\src\scip\nodesel_uct.c': No such file or directory
  paramset.c
c1 : fatal error C1083: Cannot open source file: '..\..\..\install\scipoptsuite-3.2.0\scip-3.2.0\src\scip\paramset.c': No such file or directory
  presol_boundshift.c
c1 : fatal error C1083: Cannot open source file: '..\..\..\install\scipoptsuite-3.2.0\scip-3.2.0\src\scip\presol_boundshift.c': No such file or directory
  presol_components.c
c1 : fatal error C1083: Cannot open source file: '..\..\..\install\scipoptsuite-3.2.0\scip-3.2.0\src\scip\presol_components.c': No such file or directory
  presol_convertinttobin.c
c1 : fatal error C1083: Cannot open source file: '..\..\..\install\scipoptsuite-3.2.0\scip-3.2.0\src\scip\presol_convertinttobin.c': No such file or directory
  presol_domcol.c
c1 : fatal error C1083: Cannot open source file: '..\..\..\install\scipoptsuite-3.2.0\scip-3.2.0\src\scip\presol_domcol.c': No such file or directory
  presol_dualagg.c
c1 : fatal error C1083: Cannot open source file: '..\..\..\install\scipoptsuite-3.2.0\scip-3.2.0\src\scip\presol_dualagg.c': No such file or directory
  presol_dualinfer.c
c1 : fatal error C1083: Cannot open source file: '..\..\..\install\scipoptsuite-3.2.0\scip-3.2.0\src\scip\presol_dualinfer.c': No such file or directory
  presol_gateextraction.c
c1 : fatal error C1083: Cannot open source file: '..\..\..\install\scipoptsuite-3.2.0\scip-3.2.0\src\scip\presol_gateextraction.c': No such file or directory
  presol_implfree.c
c1 : fatal error C1083: Cannot open source file: '..\..\..\install\scipoptsuite-3.2.0\scip-3.2.0\src\scip\presol_implfree.c': No such file or directory
  presol_implics.c
c1 : fatal error C1083: Cannot open source file: '..\..\..\install\scipoptsuite-3.2.0\scip-3.2.0\src\scip\presol_implics.c': No such file or directory
  presol_inttobinary.c
c1 : fatal error C1083: Cannot open source file: '..\..\..\install\scipoptsuite-3.2.0\scip-3.2.0\src\scip\presol_inttobinary.c': No such file or directory
  presol.c
c1 : fatal error C1083: Cannot open source file: '..\..\..\install\scipoptsuite-3.2.0\scip-3.2.0\src\scip\presol.c': No such file or directory
  presol_redvub.c
c1 : fatal error C1083: Cannot open source file: '..\..\..\install\scipoptsuite-3.2.0\scip-3.2.0\src\scip\presol_redvub.c': No such file or directory
  presol_stuffing.c
c1 : fatal error C1083: Cannot open source file: '..\..\..\install\scipoptsuite-3.2.0\scip-3.2.0\src\scip\presol_stuffing.c': No such file or directory
  Generating Code...
  Compiling...
  presol_trivial.c
c1 : fatal error C1083: Cannot open source file: '..\..\..\install\scipoptsuite-3.2.0\scip-3.2.0\src\scip\presol_trivial.c': No such file or directory
  presol_tworowbnd.c
c1 : fatal error C1083: Cannot open source file: '..\..\..\install\scipoptsuite-3.2.0\scip-3.2.0\src\scip\presol_tworowbnd.c': No such file or directory
  presolve.c
c1 : fatal error C1083: Cannot open source file: '..\..\..\install\scipoptsuite-3.2.0\scip-3.2.0\src\scip\presolve.c': No such file or directory
  pricer.c
c1 : fatal error C1083: Cannot open source file: '..\..\..\install\scipoptsuite-3.2.0\scip-3.2.0\src\scip\pricer.c': No such file or directory
  pricestore.c
c1 : fatal error C1083: Cannot open source file: '..\..\..\install\scipoptsuite-3.2.0\scip-3.2.0\src\scip\pricestore.c': No such file or directory
  primal.c
c1 : fatal error C1083: Cannot open source file: '..\..\..\install\scipoptsuite-3.2.0\scip-3.2.0\src\scip\primal.c': No such file or directory
  prob.c
c1 : fatal error C1083: Cannot open source file: '..\..\..\install\scipoptsuite-3.2.0\scip-3.2.0\src\scip\prob.c': No such file or directory
  prop_dualfix.c
c1 : fatal error C1083: Cannot open source file: '..\..\..\install\scipoptsuite-3.2.0\scip-3.2.0\src\scip\prop_dualfix.c': No such file or directory
  prop_genvbounds.c
c1 : fatal error C1083: Cannot open source file: '..\..\..\install\scipoptsuite-3.2.0\scip-3.2.0\src\scip\prop_genvbounds.c': No such file or directory
  prop.c
c1 : fatal error C1083: Cannot open source file: '..\..\..\install\scipoptsuite-3.2.0\scip-3.2.0\src\scip\prop.c': No such file or directory
  prop_obbt.c
c1 : fatal error C1083: Cannot open source file: '..\..\..\install\scipoptsuite-3.2.0\scip-3.2.0\src\scip\prop_obbt.c': No such file or directory
  prop_probing.c
c1 : fatal error C1083: Cannot open source file: '..\..\..\install\scipoptsuite-3.2.0\scip-3.2.0\src\scip\prop_probing.c': No such file or directory
  prop_pseudoobj.c
c1 : fatal error C1083: Cannot open source file: '..\..\..\install\scipoptsuite-3.2.0\scip-3.2.0\src\scip\prop_pseudoobj.c': No such file or directory
  prop_redcost.c
c1 : fatal error C1083: Cannot open source file: '..\..\..\install\scipoptsuite-3.2.0\scip-3.2.0\src\scip\prop_redcost.c': No such file or directory
  prop_rootredcost.c
c1 : fatal error C1083: Cannot open source file: '..\..\..\install\scipoptsuite-3.2.0\scip-3.2.0\src\scip\prop_rootredcost.c': No such file or directory
  prop_vbounds.c
c1 : fatal error C1083: Cannot open source file: '..\..\..\install\scipoptsuite-3.2.0\scip-3.2.0\src\scip\prop_vbounds.c': No such file or directory
  reader_bnd.c
c1 : fatal error C1083: Cannot open source file: '..\..\..\install\scipoptsuite-3.2.0\scip-3.2.0\src\scip\reader_bnd.c': No such file or directory
  reader_ccg.c
c1 : fatal error C1083: Cannot open source file: '..\..\..\install\scipoptsuite-3.2.0\scip-3.2.0\src\scip\reader_ccg.c': No such file or directory
  reader_cip.c
c1 : fatal error C1083: Cannot open source file: '..\..\..\install\scipoptsuite-3.2.0\scip-3.2.0\src\scip\reader_cip.c': No such file or directory
  reader_cnf.c
c1 : fatal error C1083: Cannot open source file: '..\..\..\install\scipoptsuite-3.2.0\scip-3.2.0\src\scip\reader_cnf.c': No such file or directory
  Generating Code...
  Compiling...
  reader_diff.c
c1 : fatal error C1083: Cannot open source file: '..\..\..\install\scipoptsuite-3.2.0\scip-3.2.0\src\scip\reader_diff.c': No such file or directory
  reader_fix.c
c1 : fatal error C1083: Cannot open source file: '..\..\..\install\scipoptsuite-3.2.0\scip-3.2.0\src\scip\reader_fix.c': No such file or directory
  reader_fzn.c
c1 : fatal error C1083: Cannot open source file: '..\..\..\install\scipoptsuite-3.2.0\scip-3.2.0\src\scip\reader_fzn.c': No such file or directory
  reader_gms.c
c1 : fatal error C1083: Cannot open source file: '..\..\..\install\scipoptsuite-3.2.0\scip-3.2.0\src\scip\reader_gms.c': No such file or directory
  reader_lp.c
c1 : fatal error C1083: Cannot open source file: '..\..\..\install\scipoptsuite-3.2.0\scip-3.2.0\src\scip\reader_lp.c': No such file or directory
  reader_mps.c
c1 : fatal error C1083: Cannot open source file: '..\..\..\install\scipoptsuite-3.2.0\scip-3.2.0\src\scip\reader_mps.c': No such file or directory
  reader.c
c1 : fatal error C1083: Cannot open source file: '..\..\..\install\scipoptsuite-3.2.0\scip-3.2.0\src\scip\reader.c': No such file or directory
  reader_opb.c
c1 : fatal error C1083: Cannot open source file: '..\..\..\install\scipoptsuite-3.2.0\scip-3.2.0\src\scip\reader_opb.c': No such file or directory
  reader_osil.c
c1 : fatal error C1083: Cannot open source file: '..\..\..\install\scipoptsuite-3.2.0\scip-3.2.0\src\scip\reader_osil.c': No such file or directory
  reader_pbm.c
c1 : fatal error C1083: Cannot open source file: '..\..\..\install\scipoptsuite-3.2.0\scip-3.2.0\src\scip\reader_pbm.c': No such file or directory
  reader_pip.c
c1 : fatal error C1083: Cannot open source file: '..\..\..\install\scipoptsuite-3.2.0\scip-3.2.0\src\scip\reader_pip.c': No such file or directory
  reader_ppm.c
c1 : fatal error C1083: Cannot open source file: '..\..\..\install\scipoptsuite-3.2.0\scip-3.2.0\src\scip\reader_ppm.c': No such file or directory
  reader_rlp.c
c1 : fatal error C1083: Cannot open source file: '..\..\..\install\scipoptsuite-3.2.0\scip-3.2.0\src\scip\reader_rlp.c': No such file or directory
  reader_sol.c
c1 : fatal error C1083: Cannot open source file: '..\..\..\install\scipoptsuite-3.2.0\scip-3.2.0\src\scip\reader_sol.c': No such file or directory
  reader_wbo.c
c1 : fatal error C1083: Cannot open source file: '..\..\..\install\scipoptsuite-3.2.0\scip-3.2.0\src\scip\reader_wbo.c': No such file or directory
  reader_zpl.c
c1 : fatal error C1083: Cannot open source file: '..\..\..\install\scipoptsuite-3.2.0\scip-3.2.0\src\scip\reader_zpl.c': No such file or directory
  relax.c
c1 : fatal error C1083: Cannot open source file: '..\..\..\install\scipoptsuite-3.2.0\scip-3.2.0\src\scip\relax.c': No such file or directory
  reopt.c
c1 : fatal error C1083: Cannot open source file: '..\..\..\install\scipoptsuite-3.2.0\scip-3.2.0\src\scip\reopt.c': No such file or directory
  retcode.c
c1 : fatal error C1083: Cannot open source file: '..\..\..\install\scipoptsuite-3.2.0\scip-3.2.0\src\scip\retcode.c': No such file or directory
  scipdefplugins.c
c1 : fatal error C1083: Cannot open source file: '..\..\..\install\scipoptsuite-3.2.0\scip-3.2.0\src\scip\scipdefplugins.c': No such file or directory
  Generating Code...
  Compiling...
  scipgithash.c
c1 : fatal error C1083: Cannot open source file: '..\..\..\install\scipoptsuite-3.2.0\scip-3.2.0\src\scip\scipgithash.c': No such file or directory
  scip.c
c1 : fatal error C1083: Cannot open source file: '..\..\..\install\scipoptsuite-3.2.0\scip-3.2.0\src\scip\scip.c': No such file or directory
  scipshell.c
c1 : fatal error C1083: Cannot open source file: '..\..\..\install\scipoptsuite-3.2.0\scip-3.2.0\src\scip\scipshell.c': No such file or directory
  sepa_cgmip.c
c1 : fatal error C1083: Cannot open source file: '..\..\..\install\scipoptsuite-3.2.0\scip-3.2.0\src\scip\sepa_cgmip.c': No such file or directory
  sepa_clique.c
c1 : fatal error C1083: Cannot open source file: '..\..\..\install\scipoptsuite-3.2.0\scip-3.2.0\src\scip\sepa_clique.c': No such file or directory
  sepa_closecuts.c
c1 : fatal error C1083: Cannot open source file: '..\..\..\install\scipoptsuite-3.2.0\scip-3.2.0\src\scip\sepa_closecuts.c': No such file or directory
  sepa_cmir.c
c1 : fatal error C1083: Cannot open source file: '..\..\..\install\scipoptsuite-3.2.0\scip-3.2.0\src\scip\sepa_cmir.c': No such file or directory
  sepa_disjunctive.c
c1 : fatal error C1083: Cannot open source file: '..\..\..\install\scipoptsuite-3.2.0\scip-3.2.0\src\scip\sepa_disjunctive.c': No such file or directory
  sepa_eccuts.c
c1 : fatal error C1083: Cannot open source file: '..\..\..\install\scipoptsuite-3.2.0\scip-3.2.0\src\scip\sepa_eccuts.c': No such file or directory
  sepa_flowcover.c
c1 : fatal error C1083: Cannot open source file: '..\..\..\install\scipoptsuite-3.2.0\scip-3.2.0\src\scip\sepa_flowcover.c': No such file or directory
  sepa_gomory.c
c1 : fatal error C1083: Cannot open source file: '..\..\..\install\scipoptsuite-3.2.0\scip-3.2.0\src\scip\sepa_gomory.c': No such file or directory
  sepa_impliedbounds.c
c1 : fatal error C1083: Cannot open source file: '..\..\..\install\scipoptsuite-3.2.0\scip-3.2.0\src\scip\sepa_impliedbounds.c': No such file or directory
  sepa_intobj.c
c1 : fatal error C1083: Cannot open source file: '..\..\..\install\scipoptsuite-3.2.0\scip-3.2.0\src\scip\sepa_intobj.c': No such file or directory
  sepa_mcf.c
c1 : fatal error C1083: Cannot open source file: '..\..\..\install\scipoptsuite-3.2.0\scip-3.2.0\src\scip\sepa_mcf.c': No such file or directory
  sepa.c
c1 : fatal error C1083: Cannot open source file: '..\..\..\install\scipoptsuite-3.2.0\scip-3.2.0\src\scip\sepa.c': No such file or directory
  sepa_oddcycle.c
c1 : fatal error C1083: Cannot open source file: '..\..\..\install\scipoptsuite-3.2.0\scip-3.2.0\src\scip\sepa_oddcycle.c': No such file or directory
  sepa_rapidlearning.c
c1 : fatal error C1083: Cannot open source file: '..\..\..\install\scipoptsuite-3.2.0\scip-3.2.0\src\scip\sepa_rapidlearning.c': No such file or directory
  sepastore.c
c1 : fatal error C1083: Cannot open source file: '..\..\..\install\scipoptsuite-3.2.0\scip-3.2.0\src\scip\sepastore.c': No such file or directory
  sepa_strongcg.c
c1 : fatal error C1083: Cannot open source file: '..\..\..\install\scipoptsuite-3.2.0\scip-3.2.0\src\scip\sepa_strongcg.c': No such file or directory
  sepa_zerohalf.c
c1 : fatal error C1083: Cannot open source file: '..\..\..\install\scipoptsuite-3.2.0\scip-3.2.0\src\scip\sepa_zerohalf.c': No such file or directory
  Generating Code...
  Compiling...
  set.c
c1 : fatal error C1083: Cannot open source file: '..\..\..\install\scipoptsuite-3.2.0\scip-3.2.0\src\scip\set.c': No such file or directory
  sol.c
c1 : fatal error C1083: Cannot open source file: '..\..\..\install\scipoptsuite-3.2.0\scip-3.2.0\src\scip\sol.c': No such file or directory
  solve.c
c1 : fatal error C1083: Cannot open source file: '..\..\..\install\scipoptsuite-3.2.0\scip-3.2.0\src\scip\solve.c': No such file or directory
  stat.c
c1 : fatal error C1083: Cannot open source file: '..\..\..\install\scipoptsuite-3.2.0\scip-3.2.0\src\scip\stat.c': No such file or directory
  tree.c
c1 : fatal error C1083: Cannot open source file: '..\..\..\install\scipoptsuite-3.2.0\scip-3.2.0\src\scip\tree.c': No such file or directory
  var.c
c1 : fatal error C1083: Cannot open source file: '..\..\..\install\scipoptsuite-3.2.0\scip-3.2.0\src\scip\var.c': No such file or directory
  visual.c
c1 : fatal error C1083: Cannot open source file: '..\..\..\install\scipoptsuite-3.2.0\scip-3.2.0\src\scip\visual.c': No such file or directory
  tclique_branch.c
c1 : fatal error C1083: Cannot open source file: '..\..\..\install\scipoptsuite-3.2.0\scip-3.2.0\src\tclique\tclique_branch.c': No such file or directory
  tclique_coloring.c
c1 : fatal error C1083: Cannot open source file: '..\..\..\install\scipoptsuite-3.2.0\scip-3.2.0\src\tclique\tclique_coloring.c': No such file or directory
  tclique_graph.c
c1 : fatal error C1083: Cannot open source file: '..\..\..\install\scipoptsuite-3.2.0\scip-3.2.0\src\tclique\tclique_graph.c': No such file or directory
  xmlparse.c
c1 : fatal error C1083: Cannot open source file: '..\..\..\install\scipoptsuite-3.2.0\scip-3.2.0\src\xml\xmlparse.c': No such file or directory
  Generating Code...
