  changesoplex.cpp
c1xx : fatal error C1083: Cannot open source file: '..\..\..\install\scipoptsuite-3.2.0\soplex-2.2.0\src\changesoplex.cpp': No such file or directory
  clufactor.cpp
c1xx : fatal error C1083: Cannot open source file: '..\..\..\install\scipoptsuite-3.2.0\soplex-2.2.0\src\clufactor.cpp': No such file or directory
  clufactor_rational.cpp
c1xx : fatal error C1083: Cannot open source file: '..\..\..\install\scipoptsuite-3.2.0\soplex-2.2.0\src\clufactor_rational.cpp': No such file or directory
  didxset.cpp
c1xx : fatal error C1083: Cannot open source file: '..\..\..\install\scipoptsuite-3.2.0\soplex-2.2.0\src\didxset.cpp': No such file or directory
  enter.cpp
c1xx : fatal error C1083: Cannot open source file: '..\..\..\install\scipoptsuite-3.2.0\soplex-2.2.0\src\enter.cpp': No such file or directory
  gzstream.cpp
c1xx : fatal error C1083: Cannot open source file: '..\..\..\install\scipoptsuite-3.2.0\soplex-2.2.0\src\gzstream.cpp': No such file or directory
  idxset.cpp
c1xx : fatal error C1083: Cannot open source file: '..\..\..\install\scipoptsuite-3.2.0\soplex-2.2.0\src\idxset.cpp': No such file or directory
  leave.cpp
c1xx : fatal error C1083: Cannot open source file: '..\..\..\install\scipoptsuite-3.2.0\soplex-2.2.0\src\leave.cpp': No such file or directory
  mpsinput.cpp
c1xx : fatal error C1083: Cannot open source file: '..\..\..\install\scipoptsuite-3.2.0\soplex-2.2.0\src\mpsinput.cpp': No such file or directory
  nameset.cpp
c1xx : fatal error C1083: Cannot open source file: '..\..\..\install\scipoptsuite-3.2.0\soplex-2.2.0\src\nameset.cpp': No such file or directory
  rational.cpp
c1xx : fatal error C1083: Cannot open source file: '..\..\..\install\scipoptsuite-3.2.0\soplex-2.2.0\src\rational.cpp': No such file or directory
  ratrecon.cpp
c1xx : fatal error C1083: Cannot open source file: '..\..\..\install\scipoptsuite-3.2.0\soplex-2.2.0\src\ratrecon.cpp': No such file or directory
  slufactor.cpp
c1xx : fatal error C1083: Cannot open source file: '..\..\..\install\scipoptsuite-3.2.0\soplex-2.2.0\src\slufactor.cpp': No such file or directory
  slufactor_rational.cpp
c1xx : fatal error C1083: Cannot open source file: '..\..\..\install\scipoptsuite-3.2.0\soplex-2.2.0\src\slufactor_rational.cpp': No such file or directory
  solverational.cpp
c1xx : fatal error C1083: Cannot open source file: '..\..\..\install\scipoptsuite-3.2.0\soplex-2.2.0\src\solverational.cpp': No such file or directory
  solvereal.cpp
c1xx : fatal error C1083: Cannot open source file: '..\..\..\install\scipoptsuite-3.2.0\soplex-2.2.0\src\solvereal.cpp': No such file or directory
  soplex.cpp
c1xx : fatal error C1083: Cannot open source file: '..\..\..\install\scipoptsuite-3.2.0\soplex-2.2.0\src\soplex.cpp': No such file or directory
  soplexlegacy.cpp
c1xx : fatal error C1083: Cannot open source file: '..\..\..\install\scipoptsuite-3.2.0\soplex-2.2.0\src\soplexlegacy.cpp': No such file or directory
  spxautopr.cpp
c1xx : fatal error C1083: Cannot open source file: '..\..\..\install\scipoptsuite-3.2.0\soplex-2.2.0\src\spxautopr.cpp': No such file or directory
  spxbasis.cpp
c1xx : fatal error C1083: Cannot open source file: '..\..\..\install\scipoptsuite-3.2.0\soplex-2.2.0\src\spxbasis.cpp': No such file or directory
  Compiling...
  spxboundflippingrt.cpp
c1xx : fatal error C1083: Cannot open source file: '..\..\..\install\scipoptsuite-3.2.0\soplex-2.2.0\src\spxboundflippingrt.cpp': No such file or directory
  spxbounds.cpp
c1xx : fatal error C1083: Cannot open source file: '..\..\..\install\scipoptsuite-3.2.0\soplex-2.2.0\src\spxbounds.cpp': No such file or directory
  spxchangebasis.cpp
c1xx : fatal error C1083: Cannot open source file: '..\..\..\install\scipoptsuite-3.2.0\soplex-2.2.0\src\spxchangebasis.cpp': No such file or directory
  spxdantzigpr.cpp
c1xx : fatal error C1083: Cannot open source file: '..\..\..\install\scipoptsuite-3.2.0\soplex-2.2.0\src\spxdantzigpr.cpp': No such file or directory
  spxdefaultrt.cpp
c1xx : fatal error C1083: Cannot open source file: '..\..\..\install\scipoptsuite-3.2.0\soplex-2.2.0\src\spxdefaultrt.cpp': No such file or directory
  spxdefines.cpp
c1xx : fatal error C1083: Cannot open source file: '..\..\..\install\scipoptsuite-3.2.0\soplex-2.2.0\src\spxdefines.cpp': No such file or directory
  spxdesc.cpp
c1xx : fatal error C1083: Cannot open source file: '..\..\..\install\scipoptsuite-3.2.0\soplex-2.2.0\src\spxdesc.cpp': No such file or directory
  spxdevexpr.cpp
c1xx : fatal error C1083: Cannot open source file: '..\..\..\install\scipoptsuite-3.2.0\soplex-2.2.0\src\spxdevexpr.cpp': No such file or directory
  spxequilisc.cpp
c1xx : fatal error C1083: Cannot open source file: '..\..\..\install\scipoptsuite-3.2.0\soplex-2.2.0\src\spxequilisc.cpp': No such file or directory
  spxfastrt.cpp
c1xx : fatal error C1083: Cannot open source file: '..\..\..\install\scipoptsuite-3.2.0\soplex-2.2.0\src\spxfastrt.cpp': No such file or directory
  spxfileio.cpp
c1xx : fatal error C1083: Cannot open source file: '..\..\..\install\scipoptsuite-3.2.0\soplex-2.2.0\src\spxfileio.cpp': No such file or directory
  spxgeometsc.cpp
c1xx : fatal error C1083: Cannot open source file: '..\..\..\install\scipoptsuite-3.2.0\soplex-2.2.0\src\spxgeometsc.cpp': No such file or directory
  spxgithash.cpp
c1xx : fatal error C1083: Cannot open source file: '..\..\..\install\scipoptsuite-3.2.0\soplex-2.2.0\src\spxgithash.cpp': No such file or directory
  spxharrisrt.cpp
c1xx : fatal error C1083: Cannot open source file: '..\..\..\install\scipoptsuite-3.2.0\soplex-2.2.0\src\spxharrisrt.cpp': No such file or directory
  spxhybridpr.cpp
c1xx : fatal error C1083: Cannot open source file: '..\..\..\install\scipoptsuite-3.2.0\soplex-2.2.0\src\spxhybridpr.cpp': No such file or directory
  spxid.cpp
c1xx : fatal error C1083: Cannot open source file: '..\..\..\install\scipoptsuite-3.2.0\soplex-2.2.0\src\spxid.cpp': No such file or directory
  spxlpbase_rational.cpp
c1xx : fatal error C1083: Cannot open source file: '..\..\..\install\scipoptsuite-3.2.0\soplex-2.2.0\src\spxlpbase_rational.cpp': No such file or directory
  spxlpbase_real.cpp
c1xx : fatal error C1083: Cannot open source file: '..\..\..\install\scipoptsuite-3.2.0\soplex-2.2.0\src\spxlpbase_real.cpp': No such file or directory
  spxmainsm.cpp
c1xx : fatal error C1083: Cannot open source file: '..\..\..\install\scipoptsuite-3.2.0\soplex-2.2.0\src\spxmainsm.cpp': No such file or directory
  spxout.cpp
c1xx : fatal error C1083: Cannot open source file: '..\..\..\install\scipoptsuite-3.2.0\soplex-2.2.0\src\spxout.cpp': No such file or directory
  Compiling...
  spxparmultpr.cpp
c1xx : fatal error C1083: Cannot open source file: '..\..\..\install\scipoptsuite-3.2.0\soplex-2.2.0\src\spxparmultpr.cpp': No such file or directory
  spxquality.cpp
c1xx : fatal error C1083: Cannot open source file: '..\..\..\install\scipoptsuite-3.2.0\soplex-2.2.0\src\spxquality.cpp': No such file or directory
  spxscaler.cpp
c1xx : fatal error C1083: Cannot open source file: '..\..\..\install\scipoptsuite-3.2.0\soplex-2.2.0\src\spxscaler.cpp': No such file or directory
  spxshift.cpp
c1xx : fatal error C1083: Cannot open source file: '..\..\..\install\scipoptsuite-3.2.0\soplex-2.2.0\src\spxshift.cpp': No such file or directory
  spxsolve.cpp
c1xx : fatal error C1083: Cannot open source file: '..\..\..\install\scipoptsuite-3.2.0\soplex-2.2.0\src\spxsolve.cpp': No such file or directory
  spxsolver.cpp
c1xx : fatal error C1083: Cannot open source file: '..\..\..\install\scipoptsuite-3.2.0\soplex-2.2.0\src\spxsolver.cpp': No such file or directory
  spxstarter.cpp
c1xx : fatal error C1083: Cannot open source file: '..\..\..\install\scipoptsuite-3.2.0\soplex-2.2.0\src\spxstarter.cpp': No such file or directory
  spxsteeppr.cpp
c1xx : fatal error C1083: Cannot open source file: '..\..\..\install\scipoptsuite-3.2.0\soplex-2.2.0\src\spxsteeppr.cpp': No such file or directory
  spxsumst.cpp
c1xx : fatal error C1083: Cannot open source file: '..\..\..\install\scipoptsuite-3.2.0\soplex-2.2.0\src\spxsumst.cpp': No such file or directory
  spxvecs.cpp
c1xx : fatal error C1083: Cannot open source file: '..\..\..\install\scipoptsuite-3.2.0\soplex-2.2.0\src\spxvecs.cpp': No such file or directory
  spxvectorst.cpp
c1xx : fatal error C1083: Cannot open source file: '..\..\..\install\scipoptsuite-3.2.0\soplex-2.2.0\src\spxvectorst.cpp': No such file or directory
  spxweightpr.cpp
c1xx : fatal error C1083: Cannot open source file: '..\..\..\install\scipoptsuite-3.2.0\soplex-2.2.0\src\spxweightpr.cpp': No such file or directory
  spxweightst.cpp
c1xx : fatal error C1083: Cannot open source file: '..\..\..\install\scipoptsuite-3.2.0\soplex-2.2.0\src\spxweightst.cpp': No such file or directory
  spxwritestate.cpp
c1xx : fatal error C1083: Cannot open source file: '..\..\..\install\scipoptsuite-3.2.0\soplex-2.2.0\src\spxwritestate.cpp': No such file or directory
  statistics.cpp
c1xx : fatal error C1083: Cannot open source file: '..\..\..\install\scipoptsuite-3.2.0\soplex-2.2.0\src\statistics.cpp': No such file or directory
  updatevector.cpp
c1xx : fatal error C1083: Cannot open source file: '..\..\..\install\scipoptsuite-3.2.0\soplex-2.2.0\src\updatevector.cpp': No such file or directory
  usertimer.cpp
c1xx : fatal error C1083: Cannot open source file: '..\..\..\install\scipoptsuite-3.2.0\soplex-2.2.0\src\usertimer.cpp': No such file or directory
  wallclocktimer.cpp
c1xx : fatal error C1083: Cannot open source file: '..\..\..\install\scipoptsuite-3.2.0\soplex-2.2.0\src\wallclocktimer.cpp': No such file or directory
